spatialData Exploration!

Andorra
Danmark
España
Deutschland
Danmark,Shqipëria,Ελλάδα,Türkiye,Jersey,Україна,Italia,United Kingdom,Nederland
9
Danmark,Moldova,Crna Gora,Türkiye,Jersey,Україна,Italia,United Kingdom,Hrvatska,România,Србија,Nederland
12
San Marino,Danmark,Shqipëria,Moldova,Македонија,Crna Gora,Ελλάδα,Türkiye,Jersey,Україна,Italia,United Kingdom,Hrvatska,România,Србија,Nederland
16
San Marino,Danmark,Shqipëria,Moldova,Македонија,Crna Gora,Ελλάδα,Türkiye,Jersey,Україна,Italia,United Kingdom,Hrvatska,România,Србија,Nederland
16
Danmark,Shqipëria,Moldova,Crna Gora,Slovensko,Polska,Ελλάδα,Türkiye,Jersey,Україна,Italia,United Kingdom,Hrvatska,Česko,România,Србија,Österreich,Nederland,Deutschland
19
Danmark,Shqipëria,Slovensko,Polska,Ελλάδα,Türkiye,Jersey,Україна,Italia,United Kingdom,Česko,Österreich,Nederland,Deutschland
14
San Marino,Danmark,Shqipëria,Македонија,Crna Gora,Ελλάδα,Türkiye,Україна,Slovenija,Italia,Hrvatska,Österreich,Deutschland
13
Danmark,Slovensko,Polska,Türkiye,Україна,Slovenija,Italia,Hrvatska,Česko,Österreich,Deutschland
11
San Marino,Danmark,Shqipëria,Македонија,Crna Gora,Slovensko,Polska,Ελλάδα,Türkiye,Україна,Slovenija,Italia,Hrvatska,Česko,Österreich,Deutschland
16
Danmark,Shqipëria,Slovensko,Polska,Ελλάδα,Türkiye,Україна,Slovenija,Italia,Hrvatska,Česko,Österreich,Deutschland
13
San Marino,Danmark,Shqipëria,Moldova,Македонија,Crna Gora,Slovensko,Polska,Ελλάδα,Türkiye,Україна,Slovenija,Italia,Hrvatska,Česko,România,Србија,Österreich,Deutschland
19
San Marino,Danmark,Shqipëria,Moldova,Македонија,Crna Gora,Ελλάδα,Türkiye,Україна,Slovenija,Italia,Hrvatska,România,Србија,Österreich,Deutschland
16
San Marino,Danmark,Shqipëria,Moldova,Македонија,Crna Gora,Magyarország,България,Slovensko,Polska,Ελλάδα,Türkiye,Україна,Italia,Hrvatska,Česko,România,Србија,Deutschland
19
San Marino,Danmark,Shqipëria,Moldova,Македонија,Crna Gora,Magyarország,България,Slovensko,Polska,Ελλάδα,Türkiye,Україна,Italia,Hrvatska,Česko,România,Србија,Österreich,Deutschland
20
Danmark,Shqipëria,Magyarország,България,Slovensko,Polska,Ελλάδα,Türkiye,Україна,Italia,Česko,România,Österreich,Deutschland
14
Danmark,Shqipëria,Moldova,Crna Gora,Magyarország,България,Slovensko,Polska,Ελλάδα,Türkiye,Україна,Italia,Hrvatska,Česko,România,Србија,Österreich,Deutschland
18
Danmark,Magyarország,България,Slovensko,Polska,Türkiye,Україна,Italia,Česko,România,Österreich,Deutschland
12
Danmark,Moldova,Crna Gora,Magyarország,България,Slovensko,Polska,Türkiye,Україна,Italia,Hrvatska,Česko,România,Србија,Deutschland
15
Danmark,Shqipëria,Slovensko,Polska,Ελλάδα,Türkiye,Беларусь,Україна,Italia,Česko,Österreich,Deutschland
12
San Marino,Danmark,Shqipëria,Македонија,Crna Gora,Slovensko,Polska,Ελλάδα,Türkiye,Беларусь,Україна,Italia,Hrvatska,Česko,Österreich,Deutschland
16
San Marino,Danmark,Shqipëria,Moldova,Македонија,Crna Gora,Polska,Ελλάδα,Türkiye,Беларусь,Україна,Italia,Hrvatska,România,Србија
15
San Marino,Danmark,Shqipëria,Moldova,Македонија,Crna Gora,Polska,Ελλάδα,Türkiye,Беларусь,Україна,Italia,Hrvatska,România,Србија
15
San Marino,Danmark,Shqipëria,Македонија,Crna Gora,Polska,Ελλάδα,Türkiye,Беларусь,Україна,Italia,Hrvatska
12
Danmark,Shqipëria,Polska,Ελλάδα,Türkiye,Беларусь,Україна,Italia
8
Danmark,Shqipëria,Ελλάδα,Türkiye,Jersey,Україна,Slovenija,Italia,United Kingdom,Hrvatska,Österreich,Nederland,Deutschland
13
Danmark,Moldova,Crna Gora,Türkiye,Jersey,Україна,Slovenija,Italia,United Kingdom,Hrvatska,România,Србија,Österreich,Nederland,Deutschland
15
Danmark,Shqipëria,Moldova,Crna Gora,Magyarország,България,Slovensko,Polska,Ελλάδα,Türkiye,Jersey,Україна,Italia,United Kingdom,Hrvatska,Česko,România,Србија,Nederland,Deutschland
20
Danmark,Moldova,Crna Gora,Magyarország,България,Slovensko,Polska,Türkiye,Jersey,Україна,Italia,United Kingdom,Hrvatska,Česko,România,Србија,Nederland,Deutschland
18
Danmark,Shqipëria,Moldova,Crna Gora,Polska,Ελλάδα,Türkiye,Jersey,Беларусь,Україна,Italia,United Kingdom,Hrvatska,România,Србија,Nederland
16
Danmark,Shqipëria,Polska,Ελλάδα,Türkiye,Jersey,Беларусь,Україна,Italia,United Kingdom,Nederland
11
Danmark,Magyarország,България,Slovensko,Polska,Türkiye,Україна,Slovenija,Italia,Hrvatska,Česko,România,Österreich,Deutschland
14
Danmark,Polska,Türkiye,Беларусь,Україна,Slovenija,Italia,Hrvatska,Österreich,Deutschland
10
Danmark,Shqipëria,Magyarország,България,Slovensko,Polska,Ελλάδα,Türkiye,Беларусь,Україна,Italia,Česko,România,Deutschland
14
Danmark,Shqipëria,Polska,Ελλάδα,Türkiye,Беларусь,Україна,Italia
8
Danmark,Moldova,Crna Gora,Magyarország,България,Slovensko,Polska,Türkiye,Беларусь,Україна,Italia,Hrvatska,Česko,România,Србија,Deutschland
16
Danmark,Moldova,Crna Gora,Magyarország,България,Slovensko,Polska,Türkiye,Україна,Italia,Hrvatska,Česko,România,Србија,Deutschland
15
San Marino,Danmark,Shqipëria,Moldova,Македонија,Crna Gora,Magyarország,България,Slovensko,Polska,Ελλάδα,Türkiye,Україна,Slovenija,Italia,Hrvatska,Česko,România,Србија,Österreich,Deutschland
21
San Marino,Danmark,Shqipëria,Moldova,Македонија,Crna Gora,Magyarország,България,Slovensko,Polska,Ελλάδα,Türkiye,Беларусь,Україна,Italia,Hrvatska,Česko,România,Србија,Deutschland
20
San Marino,Danmark,Shqipëria,Македонија,Crna Gora,Polska,Ελλάδα,Türkiye,Беларусь,Україна,Slovenija,Italia,Hrvatska,Österreich,Deutschland
15
San Marino,Danmark,Shqipëria,Moldova,Македонија,Crna Gora,Polska,Ελλάδα,Türkiye,Беларусь,Україна,Italia,Hrvatska,România,Србија
15
San Marino,Danmark,Shqipëria,Македонија,Crna Gora,Polska,Ελλάδα,Türkiye,Беларусь,Україна,Slovenija,Italia,Hrvatska,Österreich,Deutschland
15
San Marino,Danmark,Shqipëria,Moldova,Македонија,Crna Gora,Ελλάδα,Türkiye,Україна,Slovenija,Italia,Hrvatska,România,Србија,Österreich,Deutschland
16
Danmark,Shqipëria,Slovensko,Polska,Ελλάδα,Türkiye,Беларусь,Україна,Slovenija,Italia,Hrvatska,Česko,Österreich,Deutschland
14
Danmark,Shqipëria,Magyarország,България,Slovensko,Polska,Ελλάδα,Türkiye,Беларусь,Україна,Italia,Česko,România,Österreich,Deutschland
15
Danmark,Moldova,Crna Gora,Magyarország,България,Slovensko,Polska,Türkiye,Україна,Slovenija,Italia,Hrvatska,Česko,România,Србија,Österreich,Deutschland
17
Danmark,Shqipëria,Moldova,Crna Gora,Magyarország,България,Slovensko,Polska,Ελλάδα,Türkiye,Україна,Italia,Hrvatska,Česko,România,Србија,Österreich,Deutschland
18
Danmark,Magyarország,България,Slovensko,Polska,Türkiye,Україна,Slovenija,Italia,Hrvatska,Česko,România,Österreich,Deutschland
14
Danmark,Shqipëria,Slovensko,Polska,Ελλάδα,Türkiye,Україна,Slovenija,Italia,Hrvatska,Česko,Österreich,Deutschland
13
San Marino,Danmark,Shqipëria,Македонија,Crna Gora,Ελλάδα,Türkiye,Jersey,Україна,Slovenija,Italia,United Kingdom,Hrvatska,Österreich,Nederland,Deutschland
16
Danmark,Slovensko,Polska,Türkiye,Jersey,Україна,Slovenija,Italia,United Kingdom,Hrvatska,Česko,Österreich,Nederland,Deutschland
14
San Marino,Danmark,Shqipëria,Македонија,Crna Gora,Magyarország,България,Slovensko,Polska,Ελλάδα,Türkiye,Україна,Slovenija,Italia,Hrvatska,Česko,România,Österreich,Deutschland
19
Danmark,Magyarország,България,Slovensko,Polska,Türkiye,Україна,Slovenija,Italia,Hrvatska,Česko,România,Österreich,Deutschland
14
San Marino,Danmark,Shqipëria,Македонија,Crna Gora,Slovensko,Polska,Ελλάδα,Türkiye,Беларусь,Україна,Slovenija,Italia,Hrvatska,Česko,Österreich,Deutschland
17
San Marino,Danmark,Shqipëria,Македонија,Crna Gora,Polska,Ελλάδα,Türkiye,Беларусь,Україна,Slovenija,Italia,Hrvatska,Österreich,Deutschland
15
Danmark,Magyarország,България,Slovensko,Polska,Türkiye,Jersey,Україна,Italia,United Kingdom,Česko,România,Nederland,Deutschland
14
Danmark,Polska,Türkiye,Jersey,Беларусь,Україна,Italia,United Kingdom,Nederland
9
San Marino,Danmark,Shqipëria,Македонија,Crna Gora,Magyarország,България,Slovensko,Polska,Ελλάδα,Türkiye,Беларусь,Україна,Italia,Hrvatska,Česko,România,Deutschland
18
San Marino,Danmark,Shqipëria,Македонија,Crna Gora,Polska,Ελλάδα,Türkiye,Беларусь,Україна,Italia,Hrvatska
12
Danmark,Magyarország,България,Slovensko,Polska,Türkiye,Беларусь,Україна,Italia,Česko,România,Österreich,Deutschland
13
Danmark,Magyarország,България,Slovensko,Polska,Türkiye,Україна,Italia,Česko,România,Österreich,Deutschland
12
Danmark,Shqipëria,Magyarország,България,Slovensko,Polska,Ελλάδα,Türkiye,Jersey,Україна,Italia,United Kingdom,Česko,România,Österreich,Nederland,Deutschland
17
Danmark,Shqipëria,Magyarország,България,Slovensko,Polska,Ελλάδα,Türkiye,Беларусь,Україна,Italia,Česko,România,Österreich,Deutschland
15
San Marino,Danmark,Shqipëria,Македонија,Crna Gora,Polska,Ελλάδα,Türkiye,Jersey,Беларусь,Україна,Italia,United Kingdom,Hrvatska,Nederland
15
San Marino,Danmark,Shqipëria,Македонија,Crna Gora,Slovensko,Polska,Ελλάδα,Türkiye,Беларусь,Україна,Italia,Hrvatska,Česko,Österreich,Deutschland
16
Danmark,Shqipëria,Polska,Ελλάδα,Türkiye,Jersey,Беларусь,Україна,Italia,United Kingdom,Nederland
11
Danmark,Shqipëria,Slovensko,Polska,Ελλάδα,Türkiye,Jersey,Україна,Italia,United Kingdom,Česko,Österreich,Nederland,Deutschland
14
San Marino,Danmark,Shqipëria,Moldova,Македонија,Crna Gora,Polska,Ελλάδα,Türkiye,Jersey,Беларусь,Україна,Italia,United Kingdom,Hrvatska,România,Србија,Nederland
18
San Marino,Danmark,Shqipëria,Moldova,Македонија,Crna Gora,Magyarország,България,Slovensko,Polska,Ελλάδα,Türkiye,Беларусь,Україна,Italia,Hrvatska,Česko,România,Србија,Deutschland
20
Danmark,Moldova,Crna Gora,Magyarország,България,Slovensko,Polska,Türkiye,Jersey,Україна,Italia,United Kingdom,Hrvatska,Česko,România,Србија,Österreich,Nederland,Deutschland
19
San Marino,Danmark,Shqipëria,Moldova,Македонија,Crna Gora,Magyarország,България,Slovensko,Polska,Ελλάδα,Türkiye,Україна,Italia,Hrvatska,Česko,România,Србија,Österreich,Deutschland
20
Danmark,Moldova,Crna Gora,Magyarország,България,Slovensko,Polska,Türkiye,Jersey,Україна,Italia,United Kingdom,Hrvatska,Česko,România,Србија,Nederland,Deutschland
18
San Marino,Danmark,Shqipëria,Moldova,Македонија,Crna Gora,Ελλάδα,Türkiye,Jersey,Україна,Italia,United Kingdom,Hrvatska,România,Србија,Nederland
16
Danmark,Moldova,Crna Gora,Magyarország,България,Slovensko,Polska,Türkiye,Jersey,Україна,Italia,United Kingdom,Hrvatska,Česko,România,Србија,Nederland,Deutschland
18
Danmark,Moldova,Crna Gora,Magyarország,България,Slovensko,Polska,Türkiye,Jersey,Україна,Italia,United Kingdom,Hrvatska,Česko,România,Србија,Österreich,Nederland,Deutschland
19
Danmark,Magyarország,България,Slovensko,Polska,Türkiye,Україна,Slovenija,Italia,Hrvatska,Česko,România,Österreich,Deutschland
14
Danmark,Moldova,Crna Gora,Magyarország,България,Slovensko,Polska,Türkiye,Україна,Slovenija,Italia,Hrvatska,Česko,România,Србија,Österreich,Deutschland
17
Danmark,Magyarország,България,Slovensko,Polska,Türkiye,Беларусь,Україна,Italia,Česko,România,Österreich,Deutschland
13
Danmark,Moldova,Crna Gora,Magyarország,България,Slovensko,Polska,Türkiye,Беларусь,Україна,Italia,Hrvatska,Česko,România,Србија,Deutschland
16
San Marino,Danmark,Shqipëria,Moldova,Македонија,Crna Gora,Ελλάδα,Türkiye,Jersey,Україна,Slovenija,Italia,United Kingdom,Hrvatska,România,Србија,Österreich,Nederland,Deutschland
19
San Marino,Danmark,Shqipëria,Moldova,Македонија,Crna Gora,Polska,Ελλάδα,Türkiye,Jersey,Беларусь,Україна,Italia,United Kingdom,Hrvatska,România,Србија,Nederland
18
San Marino,Danmark,Shqipëria,Македонија,Crna Gora,Polska,Ελλάδα,Türkiye,Беларусь,Україна,Slovenija,Italia,Hrvatska,Österreich,Deutschland
15
San Marino,Danmark,Shqipëria,Moldova,Македонија,Crna Gora,Polska,Ελλάδα,Türkiye,Беларусь,Україна,Italia,Hrvatska,România,Србија
15
San Marino,Danmark,Shqipëria,Македонија,Crna Gora,Slovensko,Polska,Ελλάδα,Türkiye,Беларусь,Україна,Slovenija,Italia,Hrvatska,Česko,Österreich,Deutschland
17
San Marino,Danmark,Shqipëria,Moldova,Македонија,Crna Gora,Slovensko,Polska,Ελλάδα,Türkiye,Україна,Slovenija,Italia,Hrvatska,Česko,România,Србија,Österreich,Deutschland
19
Danmark,Shqipëria,Slovensko,Polska,Ελλάδα,Türkiye,Jersey,Україна,Slovenija,Italia,United Kingdom,Hrvatska,Česko,Österreich,Nederland,Deutschland
16
Danmark,Shqipëria,Slovensko,Polska,Ελλάδα,Türkiye,Беларусь,Україна,Slovenija,Italia,Hrvatska,Česko,Österreich,Deutschland
14
Danmark,Shqipëria,Polska,Ελλάδα,Türkiye,Jersey,Беларусь,Україна,Italia,United Kingdom,Nederland
11
Danmark,Shqipëria,Slovensko,Polska,Ελλάδα,Türkiye,Беларусь,Україна,Italia,Česko,Österreich,Deutschland
12
Danmark,Shqipëria,Moldova,Crna Gora,Polska,Ελλάδα,Türkiye,Jersey,Беларусь,Україна,Italia,United Kingdom,Hrvatska,România,Србија,Nederland
16
Danmark,Shqipëria,Moldova,Crna Gora,Slovensko,Polska,Ελλάδα,Türkiye,Jersey,Україна,Italia,United Kingdom,Hrvatska,Česko,România,Србија,Österreich,Nederland,Deutschland
19
Danmark,Polska,Türkiye,Jersey,Беларусь,Україна,Italia,United Kingdom,Nederland
9
Danmark,Polska,Türkiye,Беларусь,Україна,Slovenija,Italia,Hrvatska,Österreich,Deutschland
10
Danmark,Slovensko,Polska,Türkiye,Jersey,Україна,Slovenija,Italia,United Kingdom,Hrvatska,Česko,Österreich,Nederland,Deutschland
14
Danmark,Slovensko,Polska,Türkiye,Україна,Slovenija,Italia,Hrvatska,Česko,Österreich,Deutschland
11
Danmark,Moldova,Crna Gora,Türkiye,Jersey,Україна,Slovenija,Italia,United Kingdom,Hrvatska,România,Србија,Österreich,Nederland,Deutschland
15
Danmark,Moldova,Crna Gora,Türkiye,Jersey,Україна,Italia,United Kingdom,Hrvatska,România,Србија,Nederland
12
Danmark,Shqipëria,Polska,Ελλάδα,Türkiye,Jersey,Беларусь,Україна,Italia,United Kingdom,Nederland
11
San Marino,Danmark,Shqipëria,Македонија,Crna Gora,Polska,Ελλάδα,Türkiye,Jersey,Беларусь,Україна,Italia,United Kingdom,Hrvatska,Nederland
15
San Marino,Danmark,Shqipëria,Македонија,Crna Gora,Polska,Ελλάδα,Türkiye,Беларусь,Україна,Slovenija,Italia,Hrvatska,Österreich,Deutschland
15
San Marino,Danmark,Shqipëria,Македонија,Crna Gora,Polska,Ελλάδα,Türkiye,Беларусь,Україна,Slovenija,Italia,Hrvatska,Österreich,Deutschland
15
San Marino,Danmark,Shqipëria,Македонија,Crna Gora,Magyarország,България,Slovensko,Polska,Ελλάδα,Türkiye,Беларусь,Україна,Italia,Hrvatska,Česko,România,Deutschland
18
Danmark,Shqipëria,Magyarország,България,Slovensko,Polska,Ελλάδα,Türkiye,Беларусь,Україна,Italia,Česko,România,Deutschland
14
Danmark,Shqipëria,Slovensko,Polska,Ελλάδα,Türkiye,Jersey,Україна,Slovenija,Italia,United Kingdom,Hrvatska,Česko,Österreich,Nederland,Deutschland
16
Danmark,Shqipëria,Magyarország,България,Slovensko,Polska,Ελλάδα,Türkiye,Jersey,Україна,Italia,United Kingdom,Česko,România,Österreich,Nederland,Deutschland
17
Danmark,Magyarország,България,Slovensko,Polska,Türkiye,Україна,Slovenija,Italia,Hrvatska,Česko,România,Österreich,Deutschland
14
Danmark,Shqipëria,Magyarország,България,Slovensko,Polska,Ελλάδα,Türkiye,Україна,Italia,Česko,România,Österreich,Deutschland
14
San Marino,Danmark,Shqipëria,Македонија,Crna Gora,Magyarország,България,Slovensko,Polska,Ελλάδα,Türkiye,Україна,Slovenija,Italia,Hrvatska,Česko,România,Österreich,Deutschland
19
San Marino,Danmark,Shqipëria,Македонија,Crna Gora,Slovensko,Polska,Ελλάδα,Türkiye,Україна,Slovenija,Italia,Hrvatska,Česko,Österreich,Deutschland
16
San Marino,Danmark,Shqipëria,Moldova,Македонија,Crna Gora,Ελλάδα,Türkiye,Jersey,Україна,Slovenija,Italia,United Kingdom,Hrvatska,România,Србија,Österreich,Nederland,Deutschland
19
San Marino,Danmark,Shqipëria,Moldova,Македонија,Crna Gora,Magyarország,България,Slovensko,Polska,Ελλάδα,Türkiye,Україна,Slovenija,Italia,Hrvatska,Česko,România,Србија,Österreich,Deutschland
21
Danmark,Moldova,Crna Gora,Magyarország,България,Slovensko,Polska,Türkiye,Jersey,Україна,Italia,United Kingdom,Hrvatska,Česko,România,Србија,Nederland,Deutschland
18
San Marino,Danmark,Shqipëria,Moldova,Македонија,Crna Gora,Magyarország,България,Slovensko,Polska,Ελλάδα,Türkiye,Україна,Italia,Hrvatska,Česko,România,Србија,Deutschland
19
Danmark,Shqipëria,Moldova,Crna Gora,Magyarország,България,Slovensko,Polska,Ελλάδα,Türkiye,Jersey,Україна,Italia,United Kingdom,Hrvatska,Česko,România,Србија,Nederland,Deutschland
20
San Marino,Danmark,Shqipëria,Moldova,Македонија,Crna Gora,Ελλάδα,Türkiye,Jersey,Україна,Italia,United Kingdom,Hrvatska,România,Србија,Nederland
16
Danmark,Magyarország,България,Slovensko,Polska,Türkiye,Jersey,Україна,Italia,United Kingdom,Česko,România,Nederland,Deutschland
14
Danmark,Magyarország,България,Slovensko,Polska,Türkiye,Україна,Slovenija,Italia,Hrvatska,Česko,România,Österreich,Deutschland
14
San Marino,Danmark,Shqipëria,Македонија,Crna Gora,Ελλάδα,Türkiye,Jersey,Україна,Slovenija,Italia,United Kingdom,Hrvatska,Österreich,Nederland,Deutschland
16
San Marino,Danmark,Shqipëria,Македонија,Crna Gora,Ελλάδα,Türkiye,Україна,Slovenija,Italia,Hrvatska,Österreich,Deutschland
13
Danmark,Shqipëria,Ελλάδα,Türkiye,Jersey,Україна,Slovenija,Italia,United Kingdom,Hrvatska,Österreich,Nederland,Deutschland
13
Danmark,Shqipëria,Ελλάδα,Türkiye,Jersey,Україна,Italia,United Kingdom,Nederland
9
------------------------------------------------------------------------
23:A -> E -> D -> C -> B
8
Danmark,Shqipëria,Polska,Ελλάδα,Türkiye,Беларусь,Україна,Italia
------------------------------------------------------------------------
